# JRE version: Java(TM) SE Runtime Environment (8.0_91-b14) (build 1.8.0_91-b14)
# Java VM: Java HotSpot(TM) 64-Bit Server VM (25.91-b14 mixed mode bsd-amd64 compressed oops)
Heap:
 PSYoungGen      total 41984K, used 7024K [0x00000007aab00000, 0x00000007ae100000, 0x00000007c0000000)
  eden space 30720K, 22% used [0x00000007aab00000,0x00000007ab1dc0d0,0x00000007ac900000)
  from space 11264K, 0% used [0x00000007ad500000,0x00000007ad500000,0x00000007ae000000)
  to   space 12288K, 0% used [0x00000007ac900000,0x00000007ac900000,0x00000007ad500000)
 ParOldGen       total 56320K, used 26002K [0x0000000780000000, 0x0000000783700000, 0x00000007aab00000)
  object space 56320K, 46% used [0x0000000780000000,0x0000000781964a70,0x0000000783700000)
 Metaspace       used 20950K, capacity 21147K, committed 21552K, reserved 1069056K
  class space    used 2048K, capacity 2112K, committed 2176K, reserved 1048576K
GC Heap History (10 events):
Event: 4.143 GC heap before
{Heap before GC invocations=5 (full 0):
 PSYoungGen      total 18944K, used 18871K [0x00000007aab00000, 0x00000007ad000000, 0x00000007c0000000)
  eden space 16384K, 99% used [0x00000007aab00000,0x00000007abaf5e30,0x00000007abb00000)
  from space 2560K, 98% used [0x00000007abd80000,0x00000007abff8020,0x00000007ac000000)
  to   space 2560K, 0% used [0x00000007abb00000,0x00000007abb00000,0x00000007abd80000)
 ParOldGen       total 44032K, used 14916K [0x0000000780000000, 0x0000000782b00000, 0x00000007aab00000)
  object space 44032K, 33% used [0x0000000780000000,0x0000000780e913b0,0x0000000782b00000)
 Metaspace       used 20296K, capacity 20495K, committed 20864K, reserved 1069056K
  class space    used 2038K, capacity 2110K, committed 2176K, reserved 1048576K
Event: 4.150 GC heap after
Heap after GC invocations=5 (full 0):
 PSYoungGen      total 18944K, used 2528K [0x00000007aab00000, 0x00000007ae000000, 0x00000007c0000000)
  eden space 16384K, 0% used [0x00000007aab00000,0x00000007aab00000,0x00000007abb00000)
  from space 2560K, 98% used [0x00000007abb00000,0x00000007abd78030,0x00000007abd80000)
  to   space 10752K, 0% used [0x00000007ad580000,0x00000007ad580000,0x00000007ae000000)
 ParOldGen       total 44032K, used 19008K [0x0000000780000000, 0x0000000782b00000, 0x00000007aab00000)
  object space 44032K, 43% used [0x0000000780000000,0x0000000781290208,0x0000000782b00000)
 Metaspace       used 20296K, capacity 20495K, committed 20864K, reserved 1069056K
  class space    used 2038K, capacity 2110K, committed 2176K, reserved 1048576K
}
Event: 7.600 GC heap before
{Heap before GC invocations=6 (full 0):
 PSYoungGen      total 18944K, used 18912K [0x00000007aab00000, 0x00000007ae000000, 0x00000007c0000000)
  eden space 16384K, 100% used [0x00000007aab00000,0x00000007abb00000,0x00000007abb00000)
  from space 2560K, 98% used [0x00000007abb00000,0x00000007abd78030,0x00000007abd80000)
  to   space 10752K, 0% used [0x00000007ad580000,0x00000007ad580000,0x00000007ae000000)
 ParOldGen       total 44032K, used 19008K [0x0000000780000000, 0x0000000782b00000, 0x00000007aab00000)
  object space 44032K, 43% used [0x0000000780000000,0x0000000781290208,0x0000000782b00000)
 Metaspace       used 20609K, capacity 20827K, committed 21120K, reserved 1069056K
  class space    used 2039K, capacity 2112K, committed 2176K, reserved 1048576K
Event: 7.608 GC heap after
Heap after GC invocations=6 (full 0):
 PSYoungGen      total 43520K, used 4000K [0x00000007aab00000, 0x00000007ae000000, 0x00000007c0000000)
  eden space 32768K, 0% used [0x00000007aab00000,0x00000007aab00000,0x00000007acb00000)
  from space 10752K, 37% used [0x00000007ad580000,0x00000007ad9680b0,0x00000007ae000000)
  to   space 10752K, 0% used [0x00000007acb00000,0x00000007acb00000,0x00000007ad580000)
 ParOldGen       total 44032K, used 19016K [0x0000000780000000, 0x0000000782b00000, 0x00000007aab00000)
  object space 44032K, 43% used [0x0000000780000000,0x0000000781292208,0x0000000782b00000)
 Metaspace       used 20609K, capacity 20827K, committed 21120K, reserved 1069056K
  class space    used 2039K, capacity 2112K, committed 2176K, reserved 1048576K
}
Event: 11.704 GC heap before
{Heap before GC invocations=7 (full 0):
 PSYoungGen      total 43520K, used 36718K [0x00000007aab00000, 0x00000007ae000000, 0x00000007c0000000)
  eden space 32768K, 99% used [0x00000007aab00000,0x00000007acaf37a8,0x00000007acb00000)
  from space 10752K, 37% used [0x00000007ad580000,0x00000007ad9680b0,0x00000007ae000000)
  to   space 10752K, 0% used [0x00000007acb00000,0x00000007acb00000,0x00000007ad580000)
 ParOldGen       total 44032K, used 19016K [0x0000000780000000, 0x0000000782b00000, 0x00000007aab00000)
  object space 44032K, 43% used [0x0000000780000000,0x0000000781292208,0x0000000782b00000)
 Metaspace       used 20754K, capacity 20955K, committed 21120K, reserved 1069056K
  class space    used 2040K, capacity 2112K, committed 2176K, reserved 1048576K
Event: 11.715 GC heap after
Heap after GC invocations=7 (full 0):
 PSYoungGen      total 40448K, used 8608K [0x00000007aab00000, 0x00000007ae000000, 0x00000007c0000000)
  eden space 31744K, 0% used [0x00000007aab00000,0x00000007aab00000,0x00000007aca00000)
  from space 8704K, 98% used [0x00000007acb00000,0x00000007ad368220,0x00000007ad380000)
  to   space 11264K, 0% used [0x00000007ad500000,0x00000007ad500000,0x00000007ae000000)
 ParOldGen       total 44032K, used 20016K [0x0000000780000000, 0x0000000782b00000, 0x00000007aab00000)
  object space 44032K, 45% used [0x0000000780000000,0x000000078138c278,0x0000000782b00000)
 Metaspace       used 20754K, capacity 20955K, committed 21120K, reserved 1069056K
  class space    used 2040K, capacity 2112K, committed 2176K, reserved 1048576K
}
Event: 12.493 GC heap before
{Heap before GC invocations=8 (full 0):
 PSYoungGen      total 40448K, used 23657K [0x00000007aab00000, 0x00000007ae000000, 0x00000007c0000000)
  eden space 31744K, 47% used [0x00000007aab00000,0x00000007ab9b2430,0x00000007aca00000)
  from space 8704K, 98% used [0x00000007acb00000,0x00000007ad368220,0x00000007ad380000)
  to   space 11264K, 0% used [0x00000007ad500000,0x00000007ad500000,0x00000007ae000000)
 ParOldGen       total 44032K, used 20016K [0x0000000780000000, 0x0000000782b00000, 0x00000007aab00000)
  object space 44032K, 45% used [0x0000000780000000,0x000000078138c278,0x0000000782b00000)
 Metaspace       used 20887K, capacity 21083K, committed 21296K, reserved 1069056K
  class space    used 2040K, capacity 2112K, committed 2176K, reserved 1048576K
Event: 12.499 GC heap after
Heap after GC invocations=8 (full 0):
 PSYoungGen      total 41984K, used 10272K [0x00000007aab00000, 0x00000007ae100000, 0x00000007c0000000)
  eden space 30720K, 0% used [0x00000007aab00000,0x00000007aab00000,0x00000007ac900000)
  from space 11264K, 91% used [0x00000007ad500000,0x00000007adf08290,0x00000007ae000000)
  to   space 12288K, 0% used [0x00000007ac900000,0x00000007ac900000,0x00000007ad500000)
 ParOldGen       total 44032K, used 20619K [0x0000000780000000, 0x0000000782b00000, 0x00000007aab00000)
  object space 44032K, 46% used [0x0000000780000000,0x0000000781422d58,0x0000000782b00000)
 Metaspace       used 20887K, capacity 21083K, committed 21296K, reserved 1069056K
  class space    used 2040K, capacity 2112K, committed 2176K, reserved 1048576K
}
Event: 12.499 GC heap before
{Heap before GC invocations=9 (full 1):
 PSYoungGen      total 41984K, used 10272K [0x00000007aab00000, 0x00000007ae100000, 0x00000007c0000000)
  eden space 30720K, 0% used [0x00000007aab00000,0x00000007aab00000,0x00000007ac900000)
  from space 11264K, 91% used [0x00000007ad500000,0x00000007adf08290,0x00000007ae000000)
  to   space 12288K, 0% used [0x00000007ac900000,0x00000007ac900000,0x00000007ad500000)
 ParOldGen       total 44032K, used 20619K [0x0000000780000000, 0x0000000782b00000, 0x00000007aab00000)
  object space 44032K, 46% used [0x0000000780000000,0x0000000781422d58,0x0000000782b00000)
 Metaspace       used 20887K, capacity 21083K, committed 21296K, reserved 1069056K
  class space    used 2040K, capacity 2112K, committed 2176K, reserved 1048576K
Event: 12.546 GC heap after
Heap after GC invocations=9 (full 1):
 PSYoungGen      total 41984K, used 0K [0x00000007aab00000, 0x00000007ae100000, 0x00000007c0000000)
  eden space 30720K, 0% used [0x00000007aab00000,0x00000007aab00000,0x00000007ac900000)
  from space 11264K, 0% used [0x00000007ad500000,0x00000007ad500000,0x00000007ae000000)
  to   space 12288K, 0% used [0x00000007ac900000,0x00000007ac900000,0x00000007ad500000)
 ParOldGen       total 56320K, used 26002K [0x0000000780000000, 0x0000000783700000, 0x00000007aab00000)
  object space 56320K, 46% used [0x0000000780000000,0x0000000781964a70,0x0000000783700000)
 Metaspace       used 20887K, capacity 21083K, committed 21296K, reserved 1069056K
  class space    used 2040K, capacity 2112K, committed 2176K, reserved 1048576K
}

