# JRE version: Java(TM) SE Runtime Environment (8.0_91-b14) (build 1.8.0_91-b14)
# Java VM: Java HotSpot(TM) 64-Bit Server VM (25.91-b14 mixed mode bsd-amd64 compressed oops)
Heap:
 PSYoungGen      total 26624K, used 10751K [0x00000007aab00000, 0x00000007ad880000, 0x00000007c0000000)
  eden space 26112K, 40% used [0x00000007aab00000,0x00000007ab55fdd0,0x00000007ac480000)
  from space 512K, 25% used [0x00000007ac500000,0x00000007ac520000,0x00000007ac580000)
  to   space 10240K, 0% used [0x00000007ace80000,0x00000007ace80000,0x00000007ad880000)
 ParOldGen       total 41984K, used 31927K [0x0000000780000000, 0x0000000782900000, 0x00000007aab00000)
  object space 41984K, 76% used [0x0000000780000000,0x0000000781f2dde8,0x0000000782900000)
 Metaspace       used 21280K, capacity 21467K, committed 21808K, reserved 1069056K
  class space    used 2050K, capacity 2112K, committed 2176K, reserved 1048576K
GC Heap History (10 events):
Event: 31.619 GC heap before
{Heap before GC invocations=14 (full 1):
 PSYoungGen      total 38400K, used 34464K [0x00000007aab00000, 0x00000007adc00000, 0x00000007c0000000)
  eden space 28672K, 100% used [0x00000007aab00000,0x00000007ac700000,0x00000007ac700000)
  from space 9728K, 59% used [0x00000007ad280000,0x00000007ad828160,0x00000007adc00000)
  to   space 10752K, 0% used [0x00000007ac700000,0x00000007ac700000,0x00000007ad180000)
 ParOldGen       total 41984K, used 22590K [0x0000000780000000, 0x0000000782900000, 0x00000007aab00000)
  object space 41984K, 53% used [0x0000000780000000,0x000000078160fba8,0x0000000782900000)
 Metaspace       used 21245K, capacity 21467K, committed 21808K, reserved 1069056K
  class space    used 2042K, capacity 2112K, committed 2176K, reserved 1048576K
Event: 31.626 GC heap after
Heap after GC invocations=14 (full 1):
 PSYoungGen      total 32768K, used 4512K [0x00000007aab00000, 0x00000007ada80000, 0x00000007c0000000)
  eden space 28160K, 0% used [0x00000007aab00000,0x00000007aab00000,0x00000007ac680000)
  from space 4608K, 97% used [0x00000007ac700000,0x00000007acb68110,0x00000007acb80000)
  to   space 10240K, 0% used [0x00000007ad080000,0x00000007ad080000,0x00000007ada80000)
 ParOldGen       total 41984K, used 27495K [0x0000000780000000, 0x0000000782900000, 0x00000007aab00000)
  object space 41984K, 65% used [0x0000000780000000,0x0000000781ad9cd8,0x0000000782900000)
 Metaspace       used 21245K, capacity 21467K, committed 21808K, reserved 1069056K
  class space    used 2042K, capacity 2112K, committed 2176K, reserved 1048576K
}
Event: 34.030 GC heap before
{Heap before GC invocations=15 (full 1):
 PSYoungGen      total 32768K, used 32672K [0x00000007aab00000, 0x00000007ada80000, 0x00000007c0000000)
  eden space 28160K, 100% used [0x00000007aab00000,0x00000007ac680000,0x00000007ac680000)
  from space 4608K, 97% used [0x00000007ac700000,0x00000007acb68110,0x00000007acb80000)
  to   space 10240K, 0% used [0x00000007ad080000,0x00000007ad080000,0x00000007ada80000)
 ParOldGen       total 41984K, used 27495K [0x0000000780000000, 0x0000000782900000, 0x00000007aab00000)
  object space 41984K, 65% used [0x0000000780000000,0x0000000781ad9cd8,0x0000000782900000)
 Metaspace       used 21245K, capacity 21467K, committed 21808K, reserved 1069056K
  class space    used 2042K, capacity 2112K, committed 2176K, reserved 1048576K
Event: 34.033 GC heap after
Heap after GC invocations=15 (full 1):
 PSYoungGen      total 37888K, used 128K [0x00000007aab00000, 0x00000007adb00000, 0x00000007c0000000)
  eden space 27648K, 0% used [0x00000007aab00000,0x00000007aab00000,0x00000007ac600000)
  from space 10240K, 1% used [0x00000007ad080000,0x00000007ad0a0000,0x00000007ada80000)
  to   space 10752K, 0% used [0x00000007ac600000,0x00000007ac600000,0x00000007ad080000)
 ParOldGen       total 41984K, used 31887K [0x0000000780000000, 0x0000000782900000, 0x00000007aab00000)
  object space 41984K, 75% used [0x0000000780000000,0x0000000781f23de8,0x0000000782900000)
 Metaspace       used 21245K, capacity 21467K, committed 21808K, reserved 1069056K
  class space    used 2042K, capacity 2112K, committed 2176K, reserved 1048576K
}
Event: 36.243 GC heap before
{Heap before GC invocations=16 (full 1):
 PSYoungGen      total 37888K, used 27776K [0x00000007aab00000, 0x00000007adb00000, 0x00000007c0000000)
  eden space 27648K, 100% used [0x00000007aab00000,0x00000007ac600000,0x00000007ac600000)
  from space 10240K, 1% used [0x00000007ad080000,0x00000007ad0a0000,0x00000007ada80000)
  to   space 10752K, 0% used [0x00000007ac600000,0x00000007ac600000,0x00000007ad080000)
 ParOldGen       total 41984K, used 31887K [0x0000000780000000, 0x0000000782900000, 0x00000007aab00000)
  object space 41984K, 75% used [0x0000000780000000,0x0000000781f23de8,0x0000000782900000)
 Metaspace       used 21245K, capacity 21467K, committed 21808K, reserved 1069056K
  class space    used 2042K, capacity 2112K, committed 2176K, reserved 1048576K
Event: 36.244 GC heap after
Heap after GC invocations=16 (full 1):
 PSYoungGen      total 27648K, used 128K [0x00000007aab00000, 0x00000007ada80000, 0x00000007c0000000)
  eden space 27136K, 0% used [0x00000007aab00000,0x00000007aab00000,0x00000007ac580000)
  from space 512K, 25% used [0x00000007ac600000,0x00000007ac620000,0x00000007ac680000)
  to   space 10752K, 0% used [0x00000007ad000000,0x00000007ad000000,0x00000007ada80000)
 ParOldGen       total 41984K, used 31927K [0x0000000780000000, 0x0000000782900000, 0x00000007aab00000)
  object space 41984K, 76% used [0x0000000780000000,0x0000000781f2dde8,0x0000000782900000)
 Metaspace       used 21245K, capacity 21467K, committed 21808K, reserved 1069056K
  class space    used 2042K, capacity 2112K, committed 2176K, reserved 1048576K
}
Event: 38.438 GC heap before
{Heap before GC invocations=17 (full 1):
 PSYoungGen      total 27648K, used 27264K [0x00000007aab00000, 0x00000007ada80000, 0x00000007c0000000)
  eden space 27136K, 100% used [0x00000007aab00000,0x00000007ac580000,0x00000007ac580000)
  from space 512K, 25% used [0x00000007ac600000,0x00000007ac620000,0x00000007ac680000)
  to   space 10752K, 0% used [0x00000007ad000000,0x00000007ad000000,0x00000007ada80000)
 ParOldGen       total 41984K, used 31927K [0x0000000780000000, 0x0000000782900000, 0x00000007aab00000)
  object space 41984K, 76% used [0x0000000780000000,0x0000000781f2dde8,0x0000000782900000)
 Metaspace       used 21246K, capacity 21467K, committed 21808K, reserved 1069056K
  class space    used 2042K, capacity 2112K, committed 2176K, reserved 1048576K
Event: 38.439 GC heap after
Heap after GC invocations=17 (full 1):
 PSYoungGen      total 36864K, used 96K [0x00000007aab00000, 0x00000007ada00000, 0x00000007c0000000)
  eden space 26624K, 0% used [0x00000007aab00000,0x00000007aab00000,0x00000007ac500000)
  from space 10240K, 0% used [0x00000007ad000000,0x00000007ad018000,0x00000007ada00000)
  to   space 10752K, 0% used [0x00000007ac500000,0x00000007ac500000,0x00000007acf80000)
 ParOldGen       total 41984K, used 31927K [0x0000000780000000, 0x0000000782900000, 0x00000007aab00000)
  object space 41984K, 76% used [0x0000000780000000,0x0000000781f2dde8,0x0000000782900000)
 Metaspace       used 21246K, capacity 21467K, committed 21808K, reserved 1069056K
  class space    used 2042K, capacity 2112K, committed 2176K, reserved 1048576K
}
Event: 40.714 GC heap before
{Heap before GC invocations=18 (full 1):
 PSYoungGen      total 36864K, used 26720K [0x00000007aab00000, 0x00000007ada00000, 0x00000007c0000000)
  eden space 26624K, 100% used [0x00000007aab00000,0x00000007ac500000,0x00000007ac500000)
  from space 10240K, 0% used [0x00000007ad000000,0x00000007ad018000,0x00000007ada00000)
  to   space 10752K, 0% used [0x00000007ac500000,0x00000007ac500000,0x00000007acf80000)
 ParOldGen       total 41984K, used 31927K [0x0000000780000000, 0x0000000782900000, 0x00000007aab00000)
  object space 41984K, 76% used [0x0000000780000000,0x0000000781f2dde8,0x0000000782900000)
 Metaspace       used 21246K, capacity 21467K, committed 21808K, reserved 1069056K
  class space    used 2042K, capacity 2112K, committed 2176K, reserved 1048576K
Event: 40.716 GC heap after
Heap after GC invocations=18 (full 1):
 PSYoungGen      total 26624K, used 128K [0x00000007aab00000, 0x00000007ad880000, 0x00000007c0000000)
  eden space 26112K, 0% used [0x00000007aab00000,0x00000007aab00000,0x00000007ac480000)
  from space 512K, 25% used [0x00000007ac500000,0x00000007ac520000,0x00000007ac580000)
  to   space 10240K, 0% used [0x00000007ace80000,0x00000007ace80000,0x00000007ad880000)
 ParOldGen       total 41984K, used 31927K [0x0000000780000000, 0x0000000782900000, 0x00000007aab00000)
  object space 41984K, 76% used [0x0000000780000000,0x0000000781f2dde8,0x0000000782900000)
 Metaspace       used 21246K, capacity 21467K, committed 21808K, reserved 1069056K
  class space    used 2042K, capacity 2112K, committed 2176K, reserved 1048576K
}

