# JRE version: Java(TM) SE Runtime Environment (8.0_91-b14) (build 1.8.0_91-b14)
# Java VM: Java HotSpot(TM) 64-Bit Server VM (25.91-b14 mixed mode bsd-amd64 compressed oops)
Heap:
 PSYoungGen      total 27136K, used 3569K [0x00000007aab00000, 0x00000007ad000000, 0x00000007c0000000)
  eden space 16384K, 21% used [0x00000007aab00000,0x00000007aae5c5a8,0x00000007abb00000)
  from space 10752K, 1% used [0x00000007abb00000,0x00000007abb20000,0x00000007ac580000)
  to   space 10752K, 0% used [0x00000007ac580000,0x00000007ac580000,0x00000007ad000000)
 ParOldGen       total 44032K, used 20705K [0x0000000780000000, 0x0000000782b00000, 0x00000007aab00000)
  object space 44032K, 47% used [0x0000000780000000,0x00000007814386f8,0x0000000782b00000)
 Metaspace       used 20810K, capacity 20997K, committed 21120K, reserved 1069056K
  class space    used 2031K, capacity 2109K, committed 2176K, reserved 1048576K
GC Heap History (10 events):
Event: 6.475 GC heap before
{Heap before GC invocations=5 (full 0):
 PSYoungGen      total 18944K, used 18912K [0x00000007aab00000, 0x00000007ac000000, 0x00000007c0000000)
  eden space 16384K, 100% used [0x00000007aab00000,0x00000007abb00000,0x00000007abb00000)
  from space 2560K, 98% used [0x00000007abd80000,0x00000007abff8050,0x00000007ac000000)
  to   space 2560K, 0% used [0x00000007abb00000,0x00000007abb00000,0x00000007abd80000)
 ParOldGen       total 44032K, used 14693K [0x0000000780000000, 0x0000000782b00000, 0x00000007aab00000)
  object space 44032K, 33% used [0x0000000780000000,0x0000000780e59490,0x0000000782b00000)
 Metaspace       used 20258K, capacity 20485K, committed 20608K, reserved 1067008K
  class space    used 2024K, capacity 2109K, committed 2176K, reserved 1048576K
Event: 6.482 GC heap after
Heap after GC invocations=5 (full 0):
 PSYoungGen      total 18944K, used 2528K [0x00000007aab00000, 0x00000007acf00000, 0x00000007c0000000)
  eden space 16384K, 0% used [0x00000007aab00000,0x00000007aab00000,0x00000007abb00000)
  from space 2560K, 98% used [0x00000007abb00000,0x00000007abd78030,0x00000007abd80000)
  to   space 10240K, 0% used [0x00000007ac500000,0x00000007ac500000,0x00000007acf00000)
 ParOldGen       total 44032K, used 18165K [0x0000000780000000, 0x0000000782b00000, 0x00000007aab00000)
  object space 44032K, 41% used [0x0000000780000000,0x00000007811bd580,0x0000000782b00000)
 Metaspace       used 20258K, capacity 20485K, committed 20608K, reserved 1067008K
  class space    used 2024K, capacity 2109K, committed 2176K, reserved 1048576K
}
Event: 11.849 GC heap before
{Heap before GC invocations=6 (full 0):
 PSYoungGen      total 18944K, used 18912K [0x00000007aab00000, 0x00000007acf00000, 0x00000007c0000000)
  eden space 16384K, 100% used [0x00000007aab00000,0x00000007abb00000,0x00000007abb00000)
  from space 2560K, 98% used [0x00000007abb00000,0x00000007abd78030,0x00000007abd80000)
  to   space 10240K, 0% used [0x00000007ac500000,0x00000007ac500000,0x00000007acf00000)
 ParOldGen       total 44032K, used 18165K [0x0000000780000000, 0x0000000782b00000, 0x00000007aab00000)
  object space 44032K, 41% used [0x0000000780000000,0x00000007811bd580,0x0000000782b00000)
 Metaspace       used 20509K, capacity 20741K, committed 20864K, reserved 1069056K
  class space    used 2024K, capacity 2109K, committed 2176K, reserved 1048576K
Event: 11.857 GC heap after
Heap after GC invocations=6 (full 0):
 PSYoungGen      total 26624K, used 2576K [0x00000007aab00000, 0x00000007acf00000, 0x00000007c0000000)
  eden space 16384K, 0% used [0x00000007aab00000,0x00000007aab00000,0x00000007abb00000)
  from space 10240K, 25% used [0x00000007ac500000,0x00000007ac784040,0x00000007acf00000)
  to   space 10240K, 0% used [0x00000007abb00000,0x00000007abb00000,0x00000007ac500000)
 ParOldGen       total 44032K, used 18165K [0x0000000780000000, 0x0000000782b00000, 0x00000007aab00000)
  object space 44032K, 41% used [0x0000000780000000,0x00000007811bd580,0x0000000782b00000)
 Metaspace       used 20509K, capacity 20741K, committed 20864K, reserved 1069056K
  class space    used 2024K, capacity 2109K, committed 2176K, reserved 1048576K
}
Event: 16.668 GC heap before
{Heap before GC invocations=7 (full 0):
 PSYoungGen      total 26624K, used 18960K [0x00000007aab00000, 0x00000007acf00000, 0x00000007c0000000)
  eden space 16384K, 100% used [0x00000007aab00000,0x00000007abb00000,0x00000007abb00000)
  from space 10240K, 25% used [0x00000007ac500000,0x00000007ac784040,0x00000007acf00000)
  to   space 10240K, 0% used [0x00000007abb00000,0x00000007abb00000,0x00000007ac500000)
 ParOldGen       total 44032K, used 18165K [0x0000000780000000, 0x0000000782b00000, 0x00000007aab00000)
  object space 44032K, 41% used [0x0000000780000000,0x00000007811bd580,0x0000000782b00000)
 Metaspace       used 20703K, capacity 20933K, committed 21120K, reserved 1069056K
  class space    used 2024K, capacity 2109K, committed 2176K, reserved 1048576K
Event: 16.675 GC heap after
Heap after GC invocations=7 (full 0):
 PSYoungGen      total 26624K, used 1552K [0x00000007aab00000, 0x00000007ad000000, 0x00000007c0000000)
  eden space 16384K, 0% used [0x00000007aab00000,0x00000007aab00000,0x00000007abb00000)
  from space 10240K, 15% used [0x00000007abb00000,0x00000007abc84040,0x00000007ac500000)
  to   space 10752K, 0% used [0x00000007ac580000,0x00000007ac580000,0x00000007ad000000)
 ParOldGen       total 44032K, used 19206K [0x0000000780000000, 0x0000000782b00000, 0x00000007aab00000)
  object space 44032K, 43% used [0x0000000780000000,0x00000007812c1bd8,0x0000000782b00000)
 Metaspace       used 20703K, capacity 20933K, committed 21120K, reserved 1069056K
  class space    used 2024K, capacity 2109K, committed 2176K, reserved 1048576K
}
Event: 21.339 GC heap before
{Heap before GC invocations=8 (full 0):
 PSYoungGen      total 26624K, used 17936K [0x00000007aab00000, 0x00000007ad000000, 0x00000007c0000000)
  eden space 16384K, 100% used [0x00000007aab00000,0x00000007abb00000,0x00000007abb00000)
  from space 10240K, 15% used [0x00000007abb00000,0x00000007abc84040,0x00000007ac500000)
  to   space 10752K, 0% used [0x00000007ac580000,0x00000007ac580000,0x00000007ad000000)
 ParOldGen       total 44032K, used 19206K [0x0000000780000000, 0x0000000782b00000, 0x00000007aab00000)
  object space 44032K, 43% used [0x0000000780000000,0x00000007812c1bd8,0x0000000782b00000)
 Metaspace       used 20768K, capacity 20997K, committed 21120K, reserved 1069056K
  class space    used 2024K, capacity 2109K, committed 2176K, reserved 1048576K
Event: 21.341 GC heap after
Heap after GC invocations=8 (full 0):
 PSYoungGen      total 27136K, used 896K [0x00000007aab00000, 0x00000007ad000000, 0x00000007c0000000)
  eden space 16384K, 0% used [0x00000007aab00000,0x00000007aab00000,0x00000007abb00000)
  from space 10752K, 8% used [0x00000007ac580000,0x00000007ac660030,0x00000007ad000000)
  to   space 10752K, 0% used [0x00000007abb00000,0x00000007abb00000,0x00000007ac580000)
 ParOldGen       total 44032K, used 19905K [0x0000000780000000, 0x0000000782b00000, 0x00000007aab00000)
  object space 44032K, 45% used [0x0000000780000000,0x00000007813706c8,0x0000000782b00000)
 Metaspace       used 20768K, capacity 20997K, committed 21120K, reserved 1069056K
  class space    used 2024K, capacity 2109K, committed 2176K, reserved 1048576K
}
Event: 25.978 GC heap before
{Heap before GC invocations=9 (full 0):
 PSYoungGen      total 27136K, used 17280K [0x00000007aab00000, 0x00000007ad000000, 0x00000007c0000000)
  eden space 16384K, 100% used [0x00000007aab00000,0x00000007abb00000,0x00000007abb00000)
  from space 10752K, 8% used [0x00000007ac580000,0x00000007ac660030,0x00000007ad000000)
  to   space 10752K, 0% used [0x00000007abb00000,0x00000007abb00000,0x00000007ac580000)
 ParOldGen       total 44032K, used 19905K [0x0000000780000000, 0x0000000782b00000, 0x00000007aab00000)
  object space 44032K, 45% used [0x0000000780000000,0x00000007813706c8,0x0000000782b00000)
 Metaspace       used 20775K, capacity 20997K, committed 21120K, reserved 1069056K
  class space    used 2024K, capacity 2109K, committed 2176K, reserved 1048576K
Event: 25.980 GC heap after
Heap after GC invocations=9 (full 0):
 PSYoungGen      total 27136K, used 128K [0x00000007aab00000, 0x00000007ad000000, 0x00000007c0000000)
  eden space 16384K, 0% used [0x00000007aab00000,0x00000007aab00000,0x00000007abb00000)
  from space 10752K, 1% used [0x00000007abb00000,0x00000007abb20000,0x00000007ac580000)
  to   space 10752K, 0% used [0x00000007ac580000,0x00000007ac580000,0x00000007ad000000)
 ParOldGen       total 44032K, used 20705K [0x0000000780000000, 0x0000000782b00000, 0x00000007aab00000)
  object space 44032K, 47% used [0x0000000780000000,0x00000007814386f8,0x0000000782b00000)
 Metaspace       used 20775K, capacity 20997K, committed 21120K, reserved 1069056K
  class space    used 2024K, capacity 2109K, committed 2176K, reserved 1048576K
}

