# JRE version: Java(TM) SE Runtime Environment (8.0_91-b14) (build 1.8.0_91-b14)
# Java VM: Java HotSpot(TM) 64-Bit Server VM (25.91-b14 mixed mode bsd-amd64 compressed oops)
Heap:
 PSYoungGen      total 20992K, used 17151K [0x00000007aab00000, 0x00000007ac080000, 0x00000007c0000000)
  eden space 20480K, 83% used [0x00000007aab00000,0x00000007abba7c50,0x00000007abf00000)
  from space 512K, 18% used [0x00000007ac000000,0x00000007ac018000,0x00000007ac080000)
  to   space 512K, 0% used [0x00000007abf80000,0x00000007abf80000,0x00000007ac000000)
 ParOldGen       total 49664K, used 19083K [0x0000000780000000, 0x0000000783080000, 0x00000007aab00000)
  object space 49664K, 38% used [0x0000000780000000,0x00000007812a2e38,0x0000000783080000)
 Metaspace       used 21098K, capacity 21275K, committed 21552K, reserved 1069056K
  class space    used 2049K, capacity 2112K, committed 2176K, reserved 1048576K
GC Heap History (10 events):
Event: 373.453 GC heap before
{Heap before GC invocations=103 (full 1):
 PSYoungGen      total 20992K, used 20544K [0x00000007aab00000, 0x00000007ac080000, 0x00000007c0000000)
  eden space 20480K, 100% used [0x00000007aab00000,0x00000007abf00000,0x00000007abf00000)
  from space 512K, 12% used [0x00000007abf80000,0x00000007abf90000,0x00000007ac000000)
  to   space 512K, 0% used [0x00000007ac000000,0x00000007ac000000,0x00000007ac080000)
 ParOldGen       total 49664K, used 19083K [0x0000000780000000, 0x0000000783080000, 0x00000007aab00000)
  object space 49664K, 38% used [0x0000000780000000,0x00000007812a2e38,0x0000000783080000)
 Metaspace       used 21062K, capacity 21275K, committed 21552K, reserved 1069056K
  class space    used 2041K, capacity 2112K, committed 2176K, reserved 1048576K
Event: 373.454 GC heap after
Heap after GC invocations=103 (full 1):
 PSYoungGen      total 20992K, used 128K [0x00000007aab00000, 0x00000007ac080000, 0x00000007c0000000)
  eden space 20480K, 0% used [0x00000007aab00000,0x00000007aab00000,0x00000007abf00000)
  from space 512K, 25% used [0x00000007ac000000,0x00000007ac020000,0x00000007ac080000)
  to   space 512K, 0% used [0x00000007abf80000,0x00000007abf80000,0x00000007ac000000)
 ParOldGen       total 49664K, used 19083K [0x0000000780000000, 0x0000000783080000, 0x00000007aab00000)
  object space 49664K, 38% used [0x0000000780000000,0x00000007812a2e38,0x0000000783080000)
 Metaspace       used 21062K, capacity 21275K, committed 21552K, reserved 1069056K
  class space    used 2041K, capacity 2112K, committed 2176K, reserved 1048576K
}
Event: 377.061 GC heap before
{Heap before GC invocations=104 (full 1):
 PSYoungGen      total 20992K, used 20608K [0x00000007aab00000, 0x00000007ac080000, 0x00000007c0000000)
  eden space 20480K, 100% used [0x00000007aab00000,0x00000007abf00000,0x00000007abf00000)
  from space 512K, 25% used [0x00000007ac000000,0x00000007ac020000,0x00000007ac080000)
  to   space 512K, 0% used [0x00000007abf80000,0x00000007abf80000,0x00000007ac000000)
 ParOldGen       total 49664K, used 19083K [0x0000000780000000, 0x0000000783080000, 0x00000007aab00000)
  object space 49664K, 38% used [0x0000000780000000,0x00000007812a2e38,0x0000000783080000)
 Metaspace       used 21062K, capacity 21275K, committed 21552K, reserved 1069056K
  class space    used 2041K, capacity 2112K, committed 2176K, reserved 1048576K
Event: 377.062 GC heap after
Heap after GC invocations=104 (full 1):
 PSYoungGen      total 20992K, used 128K [0x00000007aab00000, 0x00000007ac080000, 0x00000007c0000000)
  eden space 20480K, 0% used [0x00000007aab00000,0x00000007aab00000,0x00000007abf00000)
  from space 512K, 25% used [0x00000007abf80000,0x00000007abfa0000,0x00000007ac000000)
  to   space 512K, 0% used [0x00000007ac000000,0x00000007ac000000,0x00000007ac080000)
 ParOldGen       total 49664K, used 19083K [0x0000000780000000, 0x0000000783080000, 0x00000007aab00000)
  object space 49664K, 38% used [0x0000000780000000,0x00000007812a2e38,0x0000000783080000)
 Metaspace       used 21062K, capacity 21275K, committed 21552K, reserved 1069056K
  class space    used 2041K, capacity 2112K, committed 2176K, reserved 1048576K
}
Event: 380.685 GC heap before
{Heap before GC invocations=105 (full 1):
 PSYoungGen      total 20992K, used 20608K [0x00000007aab00000, 0x00000007ac080000, 0x00000007c0000000)
  eden space 20480K, 100% used [0x00000007aab00000,0x00000007abf00000,0x00000007abf00000)
  from space 512K, 25% used [0x00000007abf80000,0x00000007abfa0000,0x00000007ac000000)
  to   space 512K, 0% used [0x00000007ac000000,0x00000007ac000000,0x00000007ac080000)
 ParOldGen       total 49664K, used 19083K [0x0000000780000000, 0x0000000783080000, 0x00000007aab00000)
  object space 49664K, 38% used [0x0000000780000000,0x00000007812a2e38,0x0000000783080000)
 Metaspace       used 21062K, capacity 21275K, committed 21552K, reserved 1069056K
  class space    used 2041K, capacity 2112K, committed 2176K, reserved 1048576K
Event: 380.687 GC heap after
Heap after GC invocations=105 (full 1):
 PSYoungGen      total 20992K, used 96K [0x00000007aab00000, 0x00000007ac080000, 0x00000007c0000000)
  eden space 20480K, 0% used [0x00000007aab00000,0x00000007aab00000,0x00000007abf00000)
  from space 512K, 18% used [0x00000007ac000000,0x00000007ac018000,0x00000007ac080000)
  to   space 512K, 0% used [0x00000007abf80000,0x00000007abf80000,0x00000007ac000000)
 ParOldGen       total 49664K, used 19083K [0x0000000780000000, 0x0000000783080000, 0x00000007aab00000)
  object space 49664K, 38% used [0x0000000780000000,0x00000007812a2e38,0x0000000783080000)
 Metaspace       used 21062K, capacity 21275K, committed 21552K, reserved 1069056K
  class space    used 2041K, capacity 2112K, committed 2176K, reserved 1048576K
}
Event: 384.294 GC heap before
{Heap before GC invocations=106 (full 1):
 PSYoungGen      total 20992K, used 20576K [0x00000007aab00000, 0x00000007ac080000, 0x00000007c0000000)
  eden space 20480K, 100% used [0x00000007aab00000,0x00000007abf00000,0x00000007abf00000)
  from space 512K, 18% used [0x00000007ac000000,0x00000007ac018000,0x00000007ac080000)
  to   space 512K, 0% used [0x00000007abf80000,0x00000007abf80000,0x00000007ac000000)
 ParOldGen       total 49664K, used 19083K [0x0000000780000000, 0x0000000783080000, 0x00000007aab00000)
  object space 49664K, 38% used [0x0000000780000000,0x00000007812a2e38,0x0000000783080000)
 Metaspace       used 21062K, capacity 21275K, committed 21552K, reserved 1069056K
  class space    used 2041K, capacity 2112K, committed 2176K, reserved 1048576K
Event: 384.295 GC heap after
Heap after GC invocations=106 (full 1):
 PSYoungGen      total 20992K, used 96K [0x00000007aab00000, 0x00000007ac080000, 0x00000007c0000000)
  eden space 20480K, 0% used [0x00000007aab00000,0x00000007aab00000,0x00000007abf00000)
  from space 512K, 18% used [0x00000007abf80000,0x00000007abf98000,0x00000007ac000000)
  to   space 512K, 0% used [0x00000007ac000000,0x00000007ac000000,0x00000007ac080000)
 ParOldGen       total 49664K, used 19083K [0x0000000780000000, 0x0000000783080000, 0x00000007aab00000)
  object space 49664K, 38% used [0x0000000780000000,0x00000007812a2e38,0x0000000783080000)
 Metaspace       used 21062K, capacity 21275K, committed 21552K, reserved 1069056K
  class space    used 2041K, capacity 2112K, committed 2176K, reserved 1048576K
}
Event: 387.903 GC heap before
{Heap before GC invocations=107 (full 1):
 PSYoungGen      total 20992K, used 20576K [0x00000007aab00000, 0x00000007ac080000, 0x00000007c0000000)
  eden space 20480K, 100% used [0x00000007aab00000,0x00000007abf00000,0x00000007abf00000)
  from space 512K, 18% used [0x00000007abf80000,0x00000007abf98000,0x00000007ac000000)
  to   space 512K, 0% used [0x00000007ac000000,0x00000007ac000000,0x00000007ac080000)
 ParOldGen       total 49664K, used 19083K [0x0000000780000000, 0x0000000783080000, 0x00000007aab00000)
  object space 49664K, 38% used [0x0000000780000000,0x00000007812a2e38,0x0000000783080000)
 Metaspace       used 21062K, capacity 21275K, committed 21552K, reserved 1069056K
  class space    used 2041K, capacity 2112K, committed 2176K, reserved 1048576K
Event: 387.905 GC heap after
Heap after GC invocations=107 (full 1):
 PSYoungGen      total 20992K, used 96K [0x00000007aab00000, 0x00000007ac080000, 0x00000007c0000000)
  eden space 20480K, 0% used [0x00000007aab00000,0x00000007aab00000,0x00000007abf00000)
  from space 512K, 18% used [0x00000007ac000000,0x00000007ac018000,0x00000007ac080000)
  to   space 512K, 0% used [0x00000007abf80000,0x00000007abf80000,0x00000007ac000000)
 ParOldGen       total 49664K, used 19083K [0x0000000780000000, 0x0000000783080000, 0x00000007aab00000)
  object space 49664K, 38% used [0x0000000780000000,0x00000007812a2e38,0x0000000783080000)
 Metaspace       used 21062K, capacity 21275K, committed 21552K, reserved 1069056K
  class space    used 2041K, capacity 2112K, committed 2176K, reserved 1048576K
}

