# JRE version: Java(TM) SE Runtime Environment (8.0_91-b14) (build 1.8.0_91-b14)
# Java VM: Java HotSpot(TM) 64-Bit Server VM (25.91-b14 mixed mode bsd-amd64 compressed oops)
Heap:
 PSYoungGen      total 75776K, used 64347K [0x00000007aab00000, 0x00000007b0500000, 0x00000007c0000000)
  eden space 64000K, 82% used [0x00000007aab00000,0x00000007ade589e8,0x00000007ae980000)
  from space 11776K, 99% used [0x00000007af680000,0x00000007b01fe4b0,0x00000007b0200000)
  to   space 13312K, 0% used [0x00000007ae980000,0x00000007ae980000,0x00000007af680000)
 ParOldGen       total 44032K, used 24664K [0x0000000780000000, 0x0000000782b00000, 0x00000007aab00000)
  object space 44032K, 56% used [0x0000000780000000,0x0000000781816030,0x0000000782b00000)
 Metaspace       used 20816K, capacity 21063K, committed 21296K, reserved 1069056K
  class space    used 2032K, capacity 2110K, committed 2176K, reserved 1048576K
GC Heap History (10 events):
Event: 6.425 GC heap before
{Heap before GC invocations=4 (full 0):
 PSYoungGen      total 18944K, used 18892K [0x00000007aab00000, 0x00000007ac000000, 0x00000007c0000000)
  eden space 16384K, 99% used [0x00000007aab00000,0x00000007abafb080,0x00000007abb00000)
  from space 2560K, 98% used [0x00000007abb00000,0x00000007abd78010,0x00000007abd80000)
  to   space 2560K, 0% used [0x00000007abd80000,0x00000007abd80000,0x00000007ac000000)
 ParOldGen       total 44032K, used 7843K [0x0000000780000000, 0x0000000782b00000, 0x00000007aab00000)
  object space 44032K, 17% used [0x0000000780000000,0x00000007807a8e38,0x0000000782b00000)
 Metaspace       used 20057K, capacity 20279K, committed 20608K, reserved 1067008K
  class space    used 2021K, capacity 2108K, committed 2176K, reserved 1048576K
Event: 6.440 GC heap after
Heap after GC invocations=4 (full 0):
 PSYoungGen      total 18944K, used 2528K [0x00000007aab00000, 0x00000007ad000000, 0x00000007c0000000)
  eden space 16384K, 0% used [0x00000007aab00000,0x00000007aab00000,0x00000007abb00000)
  from space 2560K, 98% used [0x00000007abd80000,0x00000007abff8060,0x00000007ac000000)
  to   space 2560K, 0% used [0x00000007abb00000,0x00000007abb00000,0x00000007abd80000)
 ParOldGen       total 44032K, used 14624K [0x0000000780000000, 0x0000000782b00000, 0x00000007aab00000)
  object space 44032K, 33% used [0x0000000780000000,0x0000000780e48018,0x0000000782b00000)
 Metaspace       used 20057K, capacity 20279K, committed 20608K, reserved 1067008K
  class space    used 2021K, capacity 2108K, committed 2176K, reserved 1048576K
}
Event: 6.743 GC heap before
{Heap before GC invocations=5 (full 0):
 PSYoungGen      total 18944K, used 18883K [0x00000007aab00000, 0x00000007ad000000, 0x00000007c0000000)
  eden space 16384K, 99% used [0x00000007aab00000,0x00000007abaf8e70,0x00000007abb00000)
  from space 2560K, 98% used [0x00000007abd80000,0x00000007abff8060,0x00000007ac000000)
  to   space 2560K, 0% used [0x00000007abb00000,0x00000007abb00000,0x00000007abd80000)
 ParOldGen       total 44032K, used 14880K [0x0000000780000000, 0x0000000782b00000, 0x00000007aab00000)
  object space 44032K, 33% used [0x0000000780000000,0x0000000780e88028,0x0000000782b00000)
 Metaspace       used 20126K, capacity 20347K, committed 20608K, reserved 1067008K
  class space    used 2021K, capacity 2108K, committed 2176K, reserved 1048576K
Event: 6.754 GC heap after
Heap after GC invocations=5 (full 0):
 PSYoungGen      total 18944K, used 2552K [0x00000007aab00000, 0x00000007ae000000, 0x00000007c0000000)
  eden space 16384K, 0% used [0x00000007aab00000,0x00000007aab00000,0x00000007abb00000)
  from space 2560K, 99% used [0x00000007abb00000,0x00000007abd7e230,0x00000007abd80000)
  to   space 10752K, 0% used [0x00000007ad580000,0x00000007ad580000,0x00000007ae000000)
 ParOldGen       total 44032K, used 19864K [0x0000000780000000, 0x0000000782b00000, 0x00000007aab00000)
  object space 44032K, 45% used [0x0000000780000000,0x00000007813661f8,0x0000000782b00000)
 Metaspace       used 20126K, capacity 20347K, committed 20608K, reserved 1067008K
  class space    used 2021K, capacity 2108K, committed 2176K, reserved 1048576K
}
Event: 7.096 GC heap before
{Heap before GC invocations=6 (full 0):
 PSYoungGen      total 18944K, used 18936K [0x00000007aab00000, 0x00000007ae000000, 0x00000007c0000000)
  eden space 16384K, 100% used [0x00000007aab00000,0x00000007abb00000,0x00000007abb00000)
  from space 2560K, 99% used [0x00000007abb00000,0x00000007abd7e230,0x00000007abd80000)
  to   space 10752K, 0% used [0x00000007ad580000,0x00000007ad580000,0x00000007ae000000)
 ParOldGen       total 44032K, used 19866K [0x0000000780000000, 0x0000000782b00000, 0x00000007aab00000)
  object space 44032K, 45% used [0x0000000780000000,0x0000000781366b38,0x0000000782b00000)
 Metaspace       used 20221K, capacity 20417K, committed 20608K, reserved 1067008K
  class space    used 2022K, capacity 2109K, committed 2176K, reserved 1048576K
Event: 7.106 GC heap after
Heap after GC invocations=6 (full 0):
 PSYoungGen      total 42496K, used 6728K [0x00000007aab00000, 0x00000007adf00000, 0x00000007c0000000)
  eden space 32768K, 0% used [0x00000007aab00000,0x00000007aab00000,0x00000007acb00000)
  from space 9728K, 69% used [0x00000007ad580000,0x00000007adc12320,0x00000007adf00000)
  to   space 10240K, 0% used [0x00000007acb00000,0x00000007acb00000,0x00000007ad500000)
 ParOldGen       total 44032K, used 19866K [0x0000000780000000, 0x0000000782b00000, 0x00000007aab00000)
  object space 44032K, 45% used [0x0000000780000000,0x0000000781366b38,0x0000000782b00000)
 Metaspace       used 20221K, capacity 20417K, committed 20608K, reserved 1067008K
  class space    used 2022K, capacity 2109K, committed 2176K, reserved 1048576K
}
Event: 10.757 GC heap before
{Heap before GC invocations=7 (full 0):
 PSYoungGen      total 42496K, used 39245K [0x00000007aab00000, 0x00000007adf00000, 0x00000007c0000000)
  eden space 32768K, 99% used [0x00000007aab00000,0x00000007acac1218,0x00000007acb00000)
  from space 9728K, 69% used [0x00000007ad580000,0x00000007adc12320,0x00000007adf00000)
  to   space 10240K, 0% used [0x00000007acb00000,0x00000007acb00000,0x00000007ad500000)
 ParOldGen       total 44032K, used 19866K [0x0000000780000000, 0x0000000782b00000, 0x00000007aab00000)
  object space 44032K, 45% used [0x0000000780000000,0x0000000781366b38,0x0000000782b00000)
 Metaspace       used 20465K, capacity 20673K, committed 20864K, reserved 1069056K
  class space    used 2024K, capacity 2109K, committed 2176K, reserved 1048576K
Event: 10.775 GC heap after
Heap after GC invocations=7 (full 0):
 PSYoungGen      total 43008K, used 10217K [0x00000007aab00000, 0x00000007b0200000, 0x00000007c0000000)
  eden space 32768K, 0% used [0x00000007aab00000,0x00000007aab00000,0x00000007acb00000)
  from space 10240K, 99% used [0x00000007acb00000,0x00000007ad4fa420,0x00000007ad500000)
  to   space 11776K, 0% used [0x00000007af680000,0x00000007af680000,0x00000007b0200000)
 ParOldGen       total 44032K, used 21296K [0x0000000780000000, 0x0000000782b00000, 0x00000007aab00000)
  object space 44032K, 48% used [0x0000000780000000,0x00000007814cc1b0,0x0000000782b00000)
 Metaspace       used 20465K, capacity 20673K, committed 20864K, reserved 1069056K
  class space    used 2024K, capacity 2109K, committed 2176K, reserved 1048576K
}
Event: 14.531 GC heap before
{Heap before GC invocations=8 (full 0):
 PSYoungGen      total 43008K, used 42985K [0x00000007aab00000, 0x00000007b0200000, 0x00000007c0000000)
  eden space 32768K, 100% used [0x00000007aab00000,0x00000007acb00000,0x00000007acb00000)
  from space 10240K, 99% used [0x00000007acb00000,0x00000007ad4fa420,0x00000007ad500000)
  to   space 11776K, 0% used [0x00000007af680000,0x00000007af680000,0x00000007b0200000)
 ParOldGen       total 44032K, used 21296K [0x0000000780000000, 0x0000000782b00000, 0x00000007aab00000)
  object space 44032K, 48% used [0x0000000780000000,0x00000007814cc360,0x0000000782b00000)
 Metaspace       used 20721K, capacity 20935K, committed 21120K, reserved 1069056K
  class space    used 2024K, capacity 2110K, committed 2176K, reserved 1048576K
Event: 14.543 GC heap after
Heap after GC invocations=8 (full 0):
 PSYoungGen      total 75776K, used 11769K [0x00000007aab00000, 0x00000007b0500000, 0x00000007c0000000)
  eden space 64000K, 0% used [0x00000007aab00000,0x00000007aab00000,0x00000007ae980000)
  from space 11776K, 99% used [0x00000007af680000,0x00000007b01fe4b0,0x00000007b0200000)
  to   space 13312K, 0% used [0x00000007ae980000,0x00000007ae980000,0x00000007af680000)
 ParOldGen       total 44032K, used 24664K [0x0000000780000000, 0x0000000782b00000, 0x00000007aab00000)
  object space 44032K, 56% used [0x0000000780000000,0x0000000781816030,0x0000000782b00000)
 Metaspace       used 20721K, capacity 20935K, committed 21120K, reserved 1069056K
  class space    used 2024K, capacity 2110K, committed 2176K, reserved 1048576K
}

