# JRE version: Java(TM) SE Runtime Environment (8.0_91-b14) (build 1.8.0_91-b14)
# Java VM: Java HotSpot(TM) 64-Bit Server VM (25.91-b14 mixed mode bsd-amd64 compressed oops)
Heap:
 PSYoungGen      total 174592K, used 77399K [0x00000007aab00000, 0x00000007bc200000, 0x00000007c0000000)
  eden space 167424K, 42% used [0x00000007aab00000,0x00000007af0126c8,0x00000007b4e80000)
  from space 7168K, 93% used [0x00000007b4e80000,0x00000007b5503650,0x00000007b5580000)
  to   space 8704K, 0% used [0x00000007bb980000,0x00000007bb980000,0x00000007bc200000)
 ParOldGen       total 44032K, used 13512K [0x0000000780000000, 0x0000000782b00000, 0x00000007aab00000)
  object space 44032K, 30% used [0x0000000780000000,0x0000000780d32368,0x0000000782b00000)
 Metaspace       used 20884K, capacity 21025K, committed 21296K, reserved 1069056K
  class space    used 2046K, capacity 2113K, committed 2176K, reserved 1048576K
GC Heap History (10 events):
Event: 4.999 GC heap before
{Heap before GC invocations=9 (full 0):
 PSYoungGen      total 71680K, used 65088K [0x00000007aab00000, 0x00000007af900000, 0x00000007c0000000)
  eden space 65024K, 100% used [0x00000007aab00000,0x00000007aea80000,0x00000007aea80000)
  from space 6656K, 0% used [0x00000007af180000,0x00000007af190000,0x00000007af800000)
  to   space 7168K, 0% used [0x00000007aea80000,0x00000007aea80000,0x00000007af180000)
 ParOldGen       total 44032K, used 11051K [0x0000000780000000, 0x0000000782b00000, 0x00000007aab00000)
  object space 44032K, 25% used [0x0000000780000000,0x0000000780acae78,0x0000000782b00000)
 Metaspace       used 19197K, capacity 19441K, committed 19712K, reserved 1067008K
  class space    used 1949K, capacity 2015K, committed 2048K, reserved 1048576K
Event: 5.000 GC heap after
Heap after GC invocations=9 (full 0):
 PSYoungGen      total 72192K, used 160K [0x00000007aab00000, 0x00000007b1f00000, 0x00000007c0000000)
  eden space 65024K, 0% used [0x00000007aab00000,0x00000007aab00000,0x00000007aea80000)
  from space 7168K, 2% used [0x00000007aea80000,0x00000007aeaa8000,0x00000007af180000)
  to   space 7168K, 0% used [0x00000007b1800000,0x00000007b1800000,0x00000007b1f00000)
 ParOldGen       total 44032K, used 11075K [0x0000000780000000, 0x0000000782b00000, 0x00000007aab00000)
  object space 44032K, 25% used [0x0000000780000000,0x0000000780ad0e78,0x0000000782b00000)
 Metaspace       used 19197K, capacity 19441K, committed 19712K, reserved 1067008K
  class space    used 1949K, capacity 2015K, committed 2048K, reserved 1048576K
}
Event: 5.149 GC heap before
{Heap before GC invocations=10 (full 0):
 PSYoungGen      total 72192K, used 65184K [0x00000007aab00000, 0x00000007b1f00000, 0x00000007c0000000)
  eden space 65024K, 100% used [0x00000007aab00000,0x00000007aea80000,0x00000007aea80000)
  from space 7168K, 2% used [0x00000007aea80000,0x00000007aeaa8000,0x00000007af180000)
  to   space 7168K, 0% used [0x00000007b1800000,0x00000007b1800000,0x00000007b1f00000)
 ParOldGen       total 44032K, used 11075K [0x0000000780000000, 0x0000000782b00000, 0x00000007aab00000)
  object space 44032K, 25% used [0x0000000780000000,0x0000000780ad0e78,0x0000000782b00000)
 Metaspace       used 19197K, capacity 19441K, committed 19712K, reserved 1067008K
  class space    used 1949K, capacity 2015K, committed 2048K, reserved 1048576K
Event: 5.150 GC heap after
Heap after GC invocations=10 (full 0):
 PSYoungGen      total 111616K, used 128K [0x00000007aab00000, 0x00000007b1f00000, 0x00000007c0000000)
  eden space 104448K, 0% used [0x00000007aab00000,0x00000007aab00000,0x00000007b1100000)
  from space 7168K, 1% used [0x00000007b1800000,0x00000007b1820000,0x00000007b1f00000)
  to   space 7168K, 0% used [0x00000007b1100000,0x00000007b1100000,0x00000007b1800000)
 ParOldGen       total 44032K, used 11099K [0x0000000780000000, 0x0000000782b00000, 0x00000007aab00000)
  object space 44032K, 25% used [0x0000000780000000,0x0000000780ad6e78,0x0000000782b00000)
 Metaspace       used 19197K, capacity 19441K, committed 19712K, reserved 1067008K
  class space    used 1949K, capacity 2015K, committed 2048K, reserved 1048576K
}
Event: 5.416 GC heap before
{Heap before GC invocations=11 (full 0):
 PSYoungGen      total 111616K, used 104576K [0x00000007aab00000, 0x00000007b1f00000, 0x00000007c0000000)
  eden space 104448K, 100% used [0x00000007aab00000,0x00000007b1100000,0x00000007b1100000)
  from space 7168K, 1% used [0x00000007b1800000,0x00000007b1820000,0x00000007b1f00000)
  to   space 7168K, 0% used [0x00000007b1100000,0x00000007b1100000,0x00000007b1800000)
 ParOldGen       total 44032K, used 11099K [0x0000000780000000, 0x0000000782b00000, 0x00000007aab00000)
  object space 44032K, 25% used [0x0000000780000000,0x0000000780ad6e78,0x0000000782b00000)
 Metaspace       used 19198K, capacity 19441K, committed 19712K, reserved 1067008K
  class space    used 1949K, capacity 2015K, committed 2048K, reserved 1048576K
Event: 5.417 GC heap after
Heap after GC invocations=11 (full 0):
 PSYoungGen      total 111616K, used 96K [0x00000007aab00000, 0x00000007b5c80000, 0x00000007c0000000)
  eden space 104448K, 0% used [0x00000007aab00000,0x00000007aab00000,0x00000007b1100000)
  from space 7168K, 1% used [0x00000007b1100000,0x00000007b1118000,0x00000007b1800000)
  to   space 7168K, 0% used [0x00000007b5580000,0x00000007b5580000,0x00000007b5c80000)
 ParOldGen       total 44032K, used 11123K [0x0000000780000000, 0x0000000782b00000, 0x00000007aab00000)
  object space 44032K, 25% used [0x0000000780000000,0x0000000780adce78,0x0000000782b00000)
 Metaspace       used 19198K, capacity 19441K, committed 19712K, reserved 1067008K
  class space    used 1949K, capacity 2015K, committed 2048K, reserved 1048576K
}
Event: 5.646 GC heap before
{Heap before GC invocations=12 (full 0):
 PSYoungGen      total 111616K, used 104544K [0x00000007aab00000, 0x00000007b5c80000, 0x00000007c0000000)
  eden space 104448K, 100% used [0x00000007aab00000,0x00000007b1100000,0x00000007b1100000)
  from space 7168K, 1% used [0x00000007b1100000,0x00000007b1118000,0x00000007b1800000)
  to   space 7168K, 0% used [0x00000007b5580000,0x00000007b5580000,0x00000007b5c80000)
 ParOldGen       total 44032K, used 11123K [0x0000000780000000, 0x0000000782b00000, 0x00000007aab00000)
  object space 44032K, 25% used [0x0000000780000000,0x0000000780adce78,0x0000000782b00000)
 Metaspace       used 19198K, capacity 19441K, committed 19712K, reserved 1067008K
  class space    used 1949K, capacity 2015K, committed 2048K, reserved 1048576K
Event: 5.647 GC heap after
Heap after GC invocations=12 (full 0):
 PSYoungGen      total 174592K, used 96K [0x00000007aab00000, 0x00000007b5c80000, 0x00000007c0000000)
  eden space 167424K, 0% used [0x00000007aab00000,0x00000007aab00000,0x00000007b4e80000)
  from space 7168K, 1% used [0x00000007b5580000,0x00000007b5598000,0x00000007b5c80000)
  to   space 7168K, 0% used [0x00000007b4e80000,0x00000007b4e80000,0x00000007b5580000)
 ParOldGen       total 44032K, used 11147K [0x0000000780000000, 0x0000000782b00000, 0x00000007aab00000)
  object space 44032K, 25% used [0x0000000780000000,0x0000000780ae2e78,0x0000000782b00000)
 Metaspace       used 19198K, capacity 19441K, committed 19712K, reserved 1067008K
  class space    used 1949K, capacity 2015K, committed 2048K, reserved 1048576K
}
Event: 6.994 GC heap before
{Heap before GC invocations=13 (full 0):
 PSYoungGen      total 174592K, used 167520K [0x00000007aab00000, 0x00000007b5c80000, 0x00000007c0000000)
  eden space 167424K, 100% used [0x00000007aab00000,0x00000007b4e80000,0x00000007b4e80000)
  from space 7168K, 1% used [0x00000007b5580000,0x00000007b5598000,0x00000007b5c80000)
  to   space 7168K, 0% used [0x00000007b4e80000,0x00000007b4e80000,0x00000007b5580000)
 ParOldGen       total 44032K, used 11147K [0x0000000780000000, 0x0000000782b00000, 0x00000007aab00000)
  object space 44032K, 25% used [0x0000000780000000,0x0000000780ae2e78,0x0000000782b00000)
 Metaspace       used 20290K, capacity 20513K, committed 20864K, reserved 1069056K
  class space    used 2031K, capacity 2113K, committed 2176K, reserved 1048576K
Event: 7.000 GC heap after
Heap after GC invocations=13 (full 0):
 PSYoungGen      total 174592K, used 6669K [0x00000007aab00000, 0x00000007bc200000, 0x00000007c0000000)
  eden space 167424K, 0% used [0x00000007aab00000,0x00000007aab00000,0x00000007b4e80000)
  from space 7168K, 93% used [0x00000007b4e80000,0x00000007b5503650,0x00000007b5580000)
  to   space 8704K, 0% used [0x00000007bb980000,0x00000007bb980000,0x00000007bc200000)
 ParOldGen       total 44032K, used 13512K [0x0000000780000000, 0x0000000782b00000, 0x00000007aab00000)
  object space 44032K, 30% used [0x0000000780000000,0x0000000780d32368,0x0000000782b00000)
 Metaspace       used 20290K, capacity 20513K, committed 20864K, reserved 1069056K
  class space    used 2031K, capacity 2113K, committed 2176K, reserved 1048576K
}

