# JRE version: Java(TM) SE Runtime Environment (8.0_91-b14) (build 1.8.0_91-b14)
# Java VM: Java HotSpot(TM) 64-Bit Server VM (25.91-b14 mixed mode bsd-amd64 compressed oops)
Heap:
 PSYoungGen      total 44544K, used 6519K [0x00000007aab00000, 0x00000007ae200000, 0x00000007c0000000)
  eden space 32768K, 6% used [0x00000007aab00000,0x00000007aad1dc90,0x00000007acb00000)
  from space 11776K, 36% used [0x00000007ad680000,0x00000007adac0090,0x00000007ae200000)
  to   space 11776K, 0% used [0x00000007acb00000,0x00000007acb00000,0x00000007ad680000)
 ParOldGen       total 44032K, used 20653K [0x0000000780000000, 0x0000000782b00000, 0x00000007aab00000)
  object space 44032K, 46% used [0x0000000780000000,0x000000078142b5e0,0x0000000782b00000)
 Metaspace       used 20690K, capacity 20891K, committed 21120K, reserved 1069056K
  class space    used 2054K, capacity 2112K, committed 2176K, reserved 1048576K
GC Heap History (10 events):
Event: 9.565 GC heap before
{Heap before GC invocations=2 (full 0):
 PSYoungGen      total 18944K, used 18928K [0x00000007aab00000, 0x00000007ac000000, 0x00000007c0000000)
  eden space 16384K, 100% used [0x00000007aab00000,0x00000007abb00000,0x00000007abb00000)
  from space 2560K, 99% used [0x00000007abb00000,0x00000007abd7c030,0x00000007abd80000)
  to   space 2560K, 0% used [0x00000007abd80000,0x00000007abd80000,0x00000007ac000000)
 ParOldGen       total 44032K, used 943K [0x0000000780000000, 0x0000000782b00000, 0x00000007aab00000)
  object space 44032K, 2% used [0x0000000780000000,0x00000007800ebed8,0x0000000782b00000)
 Metaspace       used 15884K, capacity 16063K, committed 16256K, reserved 1064960K
  class space    used 1611K, capacity 1660K, committed 1664K, reserved 1048576K
Event: 9.571 GC heap after
Heap after GC invocations=2 (full 0):
 PSYoungGen      total 18944K, used 2528K [0x00000007aab00000, 0x00000007ac000000, 0x00000007c0000000)
  eden space 16384K, 0% used [0x00000007aab00000,0x00000007aab00000,0x00000007abb00000)
  from space 2560K, 98% used [0x00000007abd80000,0x00000007abff8020,0x00000007ac000000)
  to   space 2560K, 0% used [0x00000007abb00000,0x00000007abb00000,0x00000007abd80000)
 ParOldGen       total 44032K, used 2534K [0x0000000780000000, 0x0000000782b00000, 0x00000007aab00000)
  object space 44032K, 5% used [0x0000000780000000,0x0000000780279aa0,0x0000000782b00000)
 Metaspace       used 15884K, capacity 16063K, committed 16256K, reserved 1064960K
  class space    used 1611K, capacity 1660K, committed 1664K, reserved 1048576K
}
Event: 10.840 GC heap before
{Heap before GC invocations=3 (full 0):
 PSYoungGen      total 18944K, used 18912K [0x00000007aab00000, 0x00000007ac000000, 0x00000007c0000000)
  eden space 16384K, 100% used [0x00000007aab00000,0x00000007abb00000,0x00000007abb00000)
  from space 2560K, 98% used [0x00000007abd80000,0x00000007abff8020,0x00000007ac000000)
  to   space 2560K, 0% used [0x00000007abb00000,0x00000007abb00000,0x00000007abd80000)
 ParOldGen       total 44032K, used 2534K [0x0000000780000000, 0x0000000782b00000, 0x00000007aab00000)
  object space 44032K, 5% used [0x0000000780000000,0x0000000780279aa0,0x0000000782b00000)
 Metaspace       used 19118K, capacity 19327K, committed 19456K, reserved 1067008K
  class space    used 1948K, capacity 2044K, committed 2048K, reserved 1048576K
Event: 10.849 GC heap after
Heap after GC invocations=3 (full 0):
 PSYoungGen      total 18944K, used 2529K [0x00000007aab00000, 0x00000007ac000000, 0x00000007c0000000)
  eden space 16384K, 0% used [0x00000007aab00000,0x00000007aab00000,0x00000007abb00000)
  from space 2560K, 98% used [0x00000007abb00000,0x00000007abd78740,0x00000007abd80000)
  to   space 2560K, 0% used [0x00000007abd80000,0x00000007abd80000,0x00000007ac000000)
 ParOldGen       total 44032K, used 6368K [0x0000000780000000, 0x0000000782b00000, 0x00000007aab00000)
  object space 44032K, 14% used [0x0000000780000000,0x00000007806382e8,0x0000000782b00000)
 Metaspace       used 19118K, capacity 19327K, committed 19456K, reserved 1067008K
  class space    used 1948K, capacity 2044K, committed 2048K, reserved 1048576K
}
Event: 11.436 GC heap before
{Heap before GC invocations=4 (full 0):
 PSYoungGen      total 18944K, used 18901K [0x00000007aab00000, 0x00000007ac000000, 0x00000007c0000000)
  eden space 16384K, 99% used [0x00000007aab00000,0x00000007abafd060,0x00000007abb00000)
  from space 2560K, 98% used [0x00000007abb00000,0x00000007abd78740,0x00000007abd80000)
  to   space 2560K, 0% used [0x00000007abd80000,0x00000007abd80000,0x00000007ac000000)
 ParOldGen       total 44032K, used 6368K [0x0000000780000000, 0x0000000782b00000, 0x00000007aab00000)
  object space 44032K, 14% used [0x0000000780000000,0x00000007806382e8,0x0000000782b00000)
 Metaspace       used 19711K, capacity 19947K, committed 20352K, reserved 1067008K
  class space    used 2006K, capacity 2078K, committed 2176K, reserved 1048576K
Event: 11.449 GC heap after
Heap after GC invocations=4 (full 0):
 PSYoungGen      total 18944K, used 2545K [0x00000007aab00000, 0x00000007ac000000, 0x00000007c0000000)
  eden space 16384K, 0% used [0x00000007aab00000,0x00000007aab00000,0x00000007abb00000)
  from space 2560K, 99% used [0x00000007abd80000,0x00000007abffc740,0x00000007ac000000)
  to   space 2560K, 0% used [0x00000007abb00000,0x00000007abb00000,0x00000007abd80000)
 ParOldGen       total 44032K, used 16107K [0x0000000780000000, 0x0000000782b00000, 0x00000007aab00000)
  object space 44032K, 36% used [0x0000000780000000,0x0000000780fbae30,0x0000000782b00000)
 Metaspace       used 19711K, capacity 19947K, committed 20352K, reserved 1067008K
  class space    used 2006K, capacity 2078K, committed 2176K, reserved 1048576K
}
Event: 12.068 GC heap before
{Heap before GC invocations=5 (full 0):
 PSYoungGen      total 18944K, used 18702K [0x00000007aab00000, 0x00000007ac000000, 0x00000007c0000000)
  eden space 16384K, 98% used [0x00000007aab00000,0x00000007abac70e0,0x00000007abb00000)
  from space 2560K, 99% used [0x00000007abd80000,0x00000007abffc740,0x00000007ac000000)
  to   space 2560K, 0% used [0x00000007abb00000,0x00000007abb00000,0x00000007abd80000)
 ParOldGen       total 44032K, used 16107K [0x0000000780000000, 0x0000000782b00000, 0x00000007aab00000)
  object space 44032K, 36% used [0x0000000780000000,0x0000000780fbae30,0x0000000782b00000)
 Metaspace       used 20325K, capacity 20495K, committed 20864K, reserved 1069056K
  class space    used 2042K, capacity 2110K, committed 2176K, reserved 1048576K
Event: 12.083 GC heap after
Heap after GC invocations=5 (full 0):
 PSYoungGen      total 18944K, used 2545K [0x00000007aab00000, 0x00000007ae200000, 0x00000007c0000000)
  eden space 16384K, 0% used [0x00000007aab00000,0x00000007aab00000,0x00000007abb00000)
  from space 2560K, 99% used [0x00000007abb00000,0x00000007abd7c760,0x00000007abd80000)
  to   space 11776K, 0% used [0x00000007ad680000,0x00000007ad680000,0x00000007ae200000)
 ParOldGen       total 44032K, used 20645K [0x0000000780000000, 0x0000000782b00000, 0x00000007aab00000)
  object space 44032K, 46% used [0x0000000780000000,0x00000007814295e0,0x0000000782b00000)
 Metaspace       used 20325K, capacity 20495K, committed 20864K, reserved 1069056K
  class space    used 2042K, capacity 2110K, committed 2176K, reserved 1048576K
}
Event: 14.029 GC heap before
{Heap before GC invocations=6 (full 0):
 PSYoungGen      total 18944K, used 18929K [0x00000007aab00000, 0x00000007ae200000, 0x00000007c0000000)
  eden space 16384K, 100% used [0x00000007aab00000,0x00000007abb00000,0x00000007abb00000)
  from space 2560K, 99% used [0x00000007abb00000,0x00000007abd7c760,0x00000007abd80000)
  to   space 11776K, 0% used [0x00000007ad680000,0x00000007ad680000,0x00000007ae200000)
 ParOldGen       total 44032K, used 20645K [0x0000000780000000, 0x0000000782b00000, 0x00000007aab00000)
  object space 44032K, 46% used [0x0000000780000000,0x00000007814295e0,0x0000000782b00000)
 Metaspace       used 20575K, capacity 20763K, committed 21120K, reserved 1069056K
  class space    used 2044K, capacity 2112K, committed 2176K, reserved 1048576K
Event: 14.040 GC heap after
Heap after GC invocations=6 (full 0):
 PSYoungGen      total 44544K, used 4352K [0x00000007aab00000, 0x00000007ae200000, 0x00000007c0000000)
  eden space 32768K, 0% used [0x00000007aab00000,0x00000007aab00000,0x00000007acb00000)
  from space 11776K, 36% used [0x00000007ad680000,0x00000007adac0090,0x00000007ae200000)
  to   space 11776K, 0% used [0x00000007acb00000,0x00000007acb00000,0x00000007ad680000)
 ParOldGen       total 44032K, used 20653K [0x0000000780000000, 0x0000000782b00000, 0x00000007aab00000)
  object space 44032K, 46% used [0x0000000780000000,0x000000078142b5e0,0x0000000782b00000)
 Metaspace       used 20575K, capacity 20763K, committed 21120K, reserved 1069056K
  class space    used 2044K, capacity 2112K, committed 2176K, reserved 1048576K
}

