# JRE version: Java(TM) SE Runtime Environment (8.0_91-b14) (build 1.8.0_91-b14)
# Java VM: Java HotSpot(TM) 64-Bit Server VM (25.91-b14 mixed mode bsd-amd64 compressed oops)
Heap:
 PSYoungGen      total 174592K, used 135260K [0x00000007aab00000, 0x00000007bc100000, 0x00000007c0000000)
  eden space 167424K, 76% used [0x00000007aab00000,0x00000007b285f188,0x00000007b4e80000)
  from space 7168K, 95% used [0x00000007b4e80000,0x00000007b5538210,0x00000007b5580000)
  to   space 8192K, 0% used [0x00000007bb900000,0x00000007bb900000,0x00000007bc100000)
 ParOldGen       total 44032K, used 14738K [0x0000000780000000, 0x0000000782b00000, 0x00000007aab00000)
  object space 44032K, 33% used [0x0000000780000000,0x0000000780e64838,0x0000000782b00000)
 Metaspace       used 20841K, capacity 21021K, committed 21120K, reserved 1069056K
  class space    used 2047K, capacity 2113K, committed 2176K, reserved 1048576K
GC Heap History (10 events):
Event: 5.133 GC heap before
{Heap before GC invocations=9 (full 0):
 PSYoungGen      total 71680K, used 65120K [0x00000007aab00000, 0x00000007af900000, 0x00000007c0000000)
  eden space 65024K, 100% used [0x00000007aab00000,0x00000007aea80000,0x00000007aea80000)
  from space 6656K, 1% used [0x00000007af180000,0x00000007af198000,0x00000007af800000)
  to   space 7168K, 0% used [0x00000007aea80000,0x00000007aea80000,0x00000007af180000)
 ParOldGen       total 44032K, used 9439K [0x0000000780000000, 0x0000000782b00000, 0x00000007aab00000)
  object space 44032K, 21% used [0x0000000780000000,0x0000000780937e48,0x0000000782b00000)
 Metaspace       used 19253K, capacity 19437K, committed 19712K, reserved 1067008K
  class space    used 1958K, capacity 2015K, committed 2048K, reserved 1048576K
Event: 5.134 GC heap after
Heap after GC invocations=9 (full 0):
 PSYoungGen      total 72192K, used 128K [0x00000007aab00000, 0x00000007b1f00000, 0x00000007c0000000)
  eden space 65024K, 0% used [0x00000007aab00000,0x00000007aab00000,0x00000007aea80000)
  from space 7168K, 1% used [0x00000007aea80000,0x00000007aeaa0000,0x00000007af180000)
  to   space 7168K, 0% used [0x00000007b1800000,0x00000007b1800000,0x00000007b1f00000)
 ParOldGen       total 44032K, used 9463K [0x0000000780000000, 0x0000000782b00000, 0x00000007aab00000)
  object space 44032K, 21% used [0x0000000780000000,0x000000078093de48,0x0000000782b00000)
 Metaspace       used 19253K, capacity 19437K, committed 19712K, reserved 1067008K
  class space    used 1958K, capacity 2015K, committed 2048K, reserved 1048576K
}
Event: 5.286 GC heap before
{Heap before GC invocations=10 (full 0):
 PSYoungGen      total 72192K, used 65152K [0x00000007aab00000, 0x00000007b1f00000, 0x00000007c0000000)
  eden space 65024K, 100% used [0x00000007aab00000,0x00000007aea80000,0x00000007aea80000)
  from space 7168K, 1% used [0x00000007aea80000,0x00000007aeaa0000,0x00000007af180000)
  to   space 7168K, 0% used [0x00000007b1800000,0x00000007b1800000,0x00000007b1f00000)
 ParOldGen       total 44032K, used 9463K [0x0000000780000000, 0x0000000782b00000, 0x00000007aab00000)
  object space 44032K, 21% used [0x0000000780000000,0x000000078093de48,0x0000000782b00000)
 Metaspace       used 19254K, capacity 19437K, committed 19712K, reserved 1067008K
  class space    used 1958K, capacity 2015K, committed 2048K, reserved 1048576K
Event: 5.287 GC heap after
Heap after GC invocations=10 (full 0):
 PSYoungGen      total 111616K, used 96K [0x00000007aab00000, 0x00000007b1f00000, 0x00000007c0000000)
  eden space 104448K, 0% used [0x00000007aab00000,0x00000007aab00000,0x00000007b1100000)
  from space 7168K, 1% used [0x00000007b1800000,0x00000007b1818000,0x00000007b1f00000)
  to   space 7168K, 0% used [0x00000007b1100000,0x00000007b1100000,0x00000007b1800000)
 ParOldGen       total 44032K, used 9495K [0x0000000780000000, 0x0000000782b00000, 0x00000007aab00000)
  object space 44032K, 21% used [0x0000000780000000,0x0000000780945e48,0x0000000782b00000)
 Metaspace       used 19254K, capacity 19437K, committed 19712K, reserved 1067008K
  class space    used 1958K, capacity 2015K, committed 2048K, reserved 1048576K
}
Event: 5.543 GC heap before
{Heap before GC invocations=11 (full 0):
 PSYoungGen      total 111616K, used 104544K [0x00000007aab00000, 0x00000007b1f00000, 0x00000007c0000000)
  eden space 104448K, 100% used [0x00000007aab00000,0x00000007b1100000,0x00000007b1100000)
  from space 7168K, 1% used [0x00000007b1800000,0x00000007b1818000,0x00000007b1f00000)
  to   space 7168K, 0% used [0x00000007b1100000,0x00000007b1100000,0x00000007b1800000)
 ParOldGen       total 44032K, used 9495K [0x0000000780000000, 0x0000000782b00000, 0x00000007aab00000)
  object space 44032K, 21% used [0x0000000780000000,0x0000000780945e48,0x0000000782b00000)
 Metaspace       used 19254K, capacity 19437K, committed 19712K, reserved 1067008K
  class space    used 1958K, capacity 2015K, committed 2048K, reserved 1048576K
Event: 5.544 GC heap after
Heap after GC invocations=11 (full 0):
 PSYoungGen      total 111616K, used 64K [0x00000007aab00000, 0x00000007b5c80000, 0x00000007c0000000)
  eden space 104448K, 0% used [0x00000007aab00000,0x00000007aab00000,0x00000007b1100000)
  from space 7168K, 0% used [0x00000007b1100000,0x00000007b1110000,0x00000007b1800000)
  to   space 7168K, 0% used [0x00000007b5580000,0x00000007b5580000,0x00000007b5c80000)
 ParOldGen       total 44032K, used 9503K [0x0000000780000000, 0x0000000782b00000, 0x00000007aab00000)
  object space 44032K, 21% used [0x0000000780000000,0x0000000780947e48,0x0000000782b00000)
 Metaspace       used 19254K, capacity 19437K, committed 19712K, reserved 1067008K
  class space    used 1958K, capacity 2015K, committed 2048K, reserved 1048576K
}
Event: 5.776 GC heap before
{Heap before GC invocations=12 (full 0):
 PSYoungGen      total 111616K, used 104512K [0x00000007aab00000, 0x00000007b5c80000, 0x00000007c0000000)
  eden space 104448K, 100% used [0x00000007aab00000,0x00000007b1100000,0x00000007b1100000)
  from space 7168K, 0% used [0x00000007b1100000,0x00000007b1110000,0x00000007b1800000)
  to   space 7168K, 0% used [0x00000007b5580000,0x00000007b5580000,0x00000007b5c80000)
 ParOldGen       total 44032K, used 9503K [0x0000000780000000, 0x0000000782b00000, 0x00000007aab00000)
  object space 44032K, 21% used [0x0000000780000000,0x0000000780947e48,0x0000000782b00000)
 Metaspace       used 19254K, capacity 19437K, committed 19712K, reserved 1067008K
  class space    used 1958K, capacity 2015K, committed 2048K, reserved 1048576K
Event: 5.777 GC heap after
Heap after GC invocations=12 (full 0):
 PSYoungGen      total 174592K, used 96K [0x00000007aab00000, 0x00000007b5c80000, 0x00000007c0000000)
  eden space 167424K, 0% used [0x00000007aab00000,0x00000007aab00000,0x00000007b4e80000)
  from space 7168K, 1% used [0x00000007b5580000,0x00000007b5598000,0x00000007b5c80000)
  to   space 7168K, 0% used [0x00000007b4e80000,0x00000007b4e80000,0x00000007b5580000)
 ParOldGen       total 44032K, used 9511K [0x0000000780000000, 0x0000000782b00000, 0x00000007aab00000)
  object space 44032K, 21% used [0x0000000780000000,0x0000000780949e48,0x0000000782b00000)
 Metaspace       used 19254K, capacity 19437K, committed 19712K, reserved 1067008K
  class space    used 1958K, capacity 2015K, committed 2048K, reserved 1048576K
}
Event: 9.438 GC heap before
{Heap before GC invocations=13 (full 0):
 PSYoungGen      total 174592K, used 167520K [0x00000007aab00000, 0x00000007b5c80000, 0x00000007c0000000)
  eden space 167424K, 100% used [0x00000007aab00000,0x00000007b4e80000,0x00000007b4e80000)
  from space 7168K, 1% used [0x00000007b5580000,0x00000007b5598000,0x00000007b5c80000)
  to   space 7168K, 0% used [0x00000007b4e80000,0x00000007b4e80000,0x00000007b5580000)
 ParOldGen       total 44032K, used 9511K [0x0000000780000000, 0x0000000782b00000, 0x00000007aab00000)
  object space 44032K, 21% used [0x0000000780000000,0x0000000780949e48,0x0000000782b00000)
 Metaspace       used 20587K, capacity 20765K, committed 20864K, reserved 1069056K
  class space    used 2039K, capacity 2113K, committed 2176K, reserved 1048576K
Event: 9.452 GC heap after
Heap after GC invocations=13 (full 0):
 PSYoungGen      total 174592K, used 6880K [0x00000007aab00000, 0x00000007bc100000, 0x00000007c0000000)
  eden space 167424K, 0% used [0x00000007aab00000,0x00000007aab00000,0x00000007b4e80000)
  from space 7168K, 95% used [0x00000007b4e80000,0x00000007b5538210,0x00000007b5580000)
  to   space 8192K, 0% used [0x00000007bb900000,0x00000007bb900000,0x00000007bc100000)
 ParOldGen       total 44032K, used 14738K [0x0000000780000000, 0x0000000782b00000, 0x00000007aab00000)
  object space 44032K, 33% used [0x0000000780000000,0x0000000780e64838,0x0000000782b00000)
 Metaspace       used 20587K, capacity 20765K, committed 20864K, reserved 1069056K
  class space    used 2039K, capacity 2113K, committed 2176K, reserved 1048576K
}

